[2022-05-31 19:36:57,195] multiqc                                            [DEBUG  ]  No MultiQC config found: /usr/local/lib/python3.9/site-packages/multiqc_config.yaml
[2022-05-31 19:36:57,195] multiqc                                            [DEBUG  ]  No MultiQC config found: /nfs/users/nfs_v/vo1/.multiqc_config.yaml
[2022-05-31 19:36:57,202] multiqc                                            [DEBUG  ]  Loading config settings from: multiqc_config.yaml
[2022-05-31 19:36:57,202] multiqc                                            [DEBUG  ]  New config 'title': SGE QC Report
[2022-05-31 19:36:57,202] multiqc                                            [DEBUG  ]  New config 'intro_text': MultiQC reports summarise QC and analysis results.
[2022-05-31 19:36:57,202] multiqc                                            [DEBUG  ]  New config 'report_comment': This report has been generated by the QUANTS analysis pipeline.
[2022-05-31 19:36:57,202] multiqc                                            [DEBUG  ]  New config 'export_plots': True
[2022-05-31 19:36:57,202] multiqc                                            [DEBUG  ]  New config 'skip_generalstats': True
[2022-05-31 19:36:57,202] multiqc                                            [DEBUG  ]  New config 'module_order': [{'fastqc': {'name': 'FastQC (filtered)', 'info': 'This section of the report shows FastQC results after filtering.', 'path_filters': ['*filtered*fastqc.zip']}}, {'fastqc': {'name': 'FastQC (merged)', 'info': 'This section of the report shows FastQC results after merging.', 'path_filters': ['*_merged*fastqc.zip']}}, {'fastqc': {'name': 'FastQC (trimmed)', 'info': 'This section of the report shows FastQC results after trimming.', 'path_filters': ['*trimmed*fastqc.zip']}}, {'fastqc': {'name': 'FastQC (raw)', 'info': 'This section of the report shows FastQC results for raw input data.', 'path_filters': ['*raw*fastqc.zip']}}, {'cutadapt': None, 'name': 'Cutadapt (trimmed)', 'info': 'This section of the report shows the length of reads trimmed by Cutadapt.', 'path_filters': ['*cutadapt.log']}]
[2022-05-31 19:36:57,203] multiqc                                            [DEBUG  ]  New config 'report_section_order': {'software_versions': {'order': -1000}, 'QUANTS-summary': {'order': -1001}}
[2022-05-31 19:36:57,203] multiqc                                            [DEBUG  ]  Command used: /usr/local/bin/multiqc -f .
[2022-05-31 19:36:57,755] multiqc                                            [WARNING]  MultiQC Version v1.12 now available!
[2022-05-31 19:36:57,755] multiqc                                            [INFO   ]  This is MultiQC v1.10.1
[2022-05-31 19:36:57,755] multiqc                                            [DEBUG  ]  Command     : /usr/local/bin/multiqc -f .
[2022-05-31 19:36:57,755] multiqc                                            [DEBUG  ]  Working dir : /lustre/scratch124/casm/team113/users/vo1/QUANTS_BRCA1_example/work/f2/0eadb82764f8cada640677e5fd5b64
[2022-05-31 19:36:57,755] multiqc                                            [INFO   ]  Template    : default
[2022-05-31 19:36:57,755] multiqc                                            [DEBUG  ]  Running Python 3.9.2 | packaged by conda-forge | (default, Feb 21 2021, 05:02:46)  [GCC 9.3.0]
[2022-05-31 19:36:57,755] multiqc                                            [INFO   ]  Report title: SGE QC Report
[2022-05-31 19:36:57,755] multiqc                                            [INFO   ]  Searching   : /lustre/scratch124/casm/team113/users/vo1/QUANTS_BRCA1_example/work/f2/0eadb82764f8cada640677e5fd5b64
[2022-05-31 19:36:57,755] multiqc                                            [DEBUG  ]  Analysing modules: adapterRemoval, afterqc, bamtools, bbmap, bcftools, bcl2fastq, biobambam2, biobloomtools, biscuit, bismark, bowtie1, bowtie2, busco, clipandmerge, clusterflow, conpair, custom_content, damageprofiler, dedup, deeptools, disambiguate, dragen, eigenstratdatabasetools, fastp, fastq_screen, featureCounts, fgbio, flash, flexbar, gatk, goleft_indexcov, happy, hicexplorer, hicpro, hicup, hisat2, homer, hops, htseq, interop, ivar, jcvi, jellyfish, kaiju, kallisto, kat, kraken, leehom, longranger, macs2, malt, methylQA, minionqc, mirtop, mirtrace, mosdepth, mtnucratio, multivcfanalyzer, ngsderive, optitype, peddy, phantompeakqualtools, picard, preseq, prokka, purple, pychopper, pycoqc, qc3C, qorts, qualimap, quast, rna_seqc, rockhopper, rsem, rseqc, salmon, samblaster, samtools, sargasso, sentieon, seqyclean, sexdeterrmine, sickle, skewer, slamdunk, snpeff, snpsplit, somalier, sortmerna, stacks, star, supernova, theta2, tophat, trimmomatic, varscan2, vcftools, verifybamid, fastqc, fastqc, fastqc, fastqc, cutadapt
[2022-05-31 19:36:57,755] multiqc                                            [DEBUG  ]  Using temporary directory for creating report: /tmp/tmpd86bb9l8
[2022-05-31 19:36:57,925] multiqc                                            [DEBUG  ]  File ignored by hicexplorer because it exceeded search pattern filesize limit: .command.run
[2022-05-31 19:36:57,926] multiqc                                            [DEBUG  ]  File ignored by longranger/invocation because it exceeded search pattern filesize limit: .command.run
[2022-05-31 19:36:59,082] multiqc.plots.bargraph                             [DEBUG  ]  Using matplotlib version 3.4.1
[2022-05-31 19:36:59,086] multiqc.plots.linegraph                            [DEBUG  ]  Using matplotlib version 3.4.1
[2022-05-31 19:36:59,135] multiqc                                            [DEBUG  ]  No samples found: adapterRemoval
[2022-05-31 19:36:59,139] multiqc                                            [DEBUG  ]  No samples found: afterqc
[2022-05-31 19:36:59,142] multiqc                                            [DEBUG  ]  No samples found: bamtools
[2022-05-31 19:36:59,152] multiqc                                            [DEBUG  ]  No samples found: bbmap
[2022-05-31 19:36:59,157] multiqc                                            [DEBUG  ]  No samples found: bcftools
[2022-05-31 19:36:59,162] multiqc                                            [DEBUG  ]  No samples found: bcl2fastq
[2022-05-31 19:36:59,195] multiqc                                            [DEBUG  ]  No samples found: biobambam2
[2022-05-31 19:36:59,199] multiqc                                            [DEBUG  ]  No samples found: biobloomtools
[2022-05-31 19:36:59,207] multiqc                                            [DEBUG  ]  No samples found: biscuit
[2022-05-31 19:36:59,212] multiqc                                            [DEBUG  ]  No samples found: bismark
[2022-05-31 19:36:59,215] multiqc                                            [DEBUG  ]  No samples found: bowtie1
[2022-05-31 19:36:59,218] multiqc                                            [DEBUG  ]  No samples found: bowtie2
[2022-05-31 19:36:59,221] multiqc                                            [DEBUG  ]  No samples found: busco
[2022-05-31 19:36:59,224] multiqc                                            [DEBUG  ]  No samples found: clipandmerge
[2022-05-31 19:36:59,229] multiqc                                            [DEBUG  ]  No samples found: clusterflow
[2022-05-31 19:36:59,232] multiqc                                            [DEBUG  ]  No samples found: conpair
[2022-05-31 19:36:59,243] multiqc.modules.custom_content.custom_content      [INFO   ]  QUANTS-summary: Found 1 sample (html)
[2022-05-31 19:36:59,246] multiqc                                            [DEBUG  ]  No samples found: damageprofiler
[2022-05-31 19:36:59,249] multiqc                                            [DEBUG  ]  No samples found: dedup
[2022-05-31 19:36:59,261] multiqc                                            [DEBUG  ]  No samples found: deeptools
[2022-05-31 19:36:59,264] multiqc                                            [DEBUG  ]  No samples found: disambiguate
[2022-05-31 19:36:59,283] multiqc                                            [DEBUG  ]  No samples found: dragen
[2022-05-31 19:36:59,289] multiqc                                            [DEBUG  ]  No samples found: eigenstratdatabasetools
[2022-05-31 19:36:59,295] multiqc                                            [DEBUG  ]  No samples found: fastp
[2022-05-31 19:36:59,302] multiqc                                            [DEBUG  ]  No samples found: fastq_screen
[2022-05-31 19:36:59,308] multiqc                                            [DEBUG  ]  No samples found: featureCounts
[2022-05-31 19:36:59,315] multiqc                                            [DEBUG  ]  No samples found: fgbio
[2022-05-31 19:36:59,321] multiqc                                            [DEBUG  ]  No samples found: flash
[2022-05-31 19:36:59,327] multiqc                                            [DEBUG  ]  No samples found: flexbar
[2022-05-31 19:36:59,332] multiqc                                            [DEBUG  ]  No samples found: gatk
[2022-05-31 19:36:59,336] multiqc                                            [DEBUG  ]  No samples found: goleft_indexcov
[2022-05-31 19:36:59,339] multiqc                                            [DEBUG  ]  No samples found: happy
[2022-05-31 19:36:59,342] multiqc                                            [DEBUG  ]  No samples found: hicexplorer
[2022-05-31 19:36:59,347] multiqc                                            [DEBUG  ]  No samples found: hicpro
[2022-05-31 19:36:59,351] multiqc                                            [DEBUG  ]  No samples found: hicup
[2022-05-31 19:36:59,354] multiqc                                            [DEBUG  ]  No samples found: hisat2
[2022-05-31 19:36:59,359] multiqc                                            [DEBUG  ]  No samples found: homer
[2022-05-31 19:36:59,362] multiqc                                            [DEBUG  ]  No samples found: hops
[2022-05-31 19:36:59,365] multiqc                                            [DEBUG  ]  No samples found: htseq
[2022-05-31 19:36:59,370] multiqc                                            [DEBUG  ]  No samples found: interop
[2022-05-31 19:36:59,373] multiqc                                            [DEBUG  ]  No samples found: ivar
[2022-05-31 19:36:59,377] multiqc                                            [DEBUG  ]  No samples found: jcvi
[2022-05-31 19:36:59,380] multiqc                                            [DEBUG  ]  No samples found: jellyfish
[2022-05-31 19:36:59,384] multiqc                                            [DEBUG  ]  No samples found: kaiju
[2022-05-31 19:36:59,387] multiqc                                            [DEBUG  ]  No samples found: kallisto
[2022-05-31 19:36:59,389] multiqc                                            [DEBUG  ]  No samples found: kat
[2022-05-31 19:36:59,394] multiqc                                            [DEBUG  ]  No samples found: kraken
[2022-05-31 19:36:59,398] multiqc                                            [DEBUG  ]  No samples found: leehom
[2022-05-31 19:36:59,402] multiqc                                            [DEBUG  ]  No samples found: longranger
[2022-05-31 19:36:59,405] multiqc                                            [DEBUG  ]  No samples found: macs2
[2022-05-31 19:36:59,408] multiqc                                            [DEBUG  ]  No samples found: malt
[2022-05-31 19:36:59,411] multiqc                                            [DEBUG  ]  No samples found: methylQA
[2022-05-31 19:36:59,415] multiqc                                            [DEBUG  ]  No samples found: minionqc
[2022-05-31 19:36:59,418] multiqc                                            [DEBUG  ]  No samples found: mirtop
[2022-05-31 19:36:59,423] multiqc                                            [DEBUG  ]  No samples found: mirtrace
[2022-05-31 19:36:59,427] multiqc                                            [DEBUG  ]  No samples found: mosdepth
[2022-05-31 19:36:59,430] multiqc                                            [DEBUG  ]  No samples found: mtnucratio
[2022-05-31 19:36:59,433] multiqc                                            [DEBUG  ]  No samples found: multivcfanalyzer
[2022-05-31 19:36:59,437] multiqc                                            [DEBUG  ]  No samples found: ngsderive
[2022-05-31 19:36:59,440] multiqc                                            [DEBUG  ]  No samples found: optitype
[2022-05-31 19:36:59,444] multiqc                                            [DEBUG  ]  No samples found: peddy
[2022-05-31 19:36:59,447] multiqc                                            [DEBUG  ]  No samples found: phantompeakqualtools
[2022-05-31 19:36:59,449] multiqc                                            [DEBUG  ]  No samples found: picard
[2022-05-31 19:36:59,454] multiqc                                            [DEBUG  ]  No samples found: preseq
[2022-05-31 19:36:59,458] multiqc                                            [DEBUG  ]  No samples found: prokka
[2022-05-31 19:36:59,461] multiqc                                            [DEBUG  ]  No samples found: purple
[2022-05-31 19:36:59,464] multiqc                                            [DEBUG  ]  No samples found: pychopper
[2022-05-31 19:36:59,468] multiqc                                            [DEBUG  ]  No samples found: pycoqc
[2022-05-31 19:36:59,474] multiqc                                            [DEBUG  ]  No samples found: qc3C
[2022-05-31 19:36:59,478] multiqc                                            [DEBUG  ]  No samples found: qorts
[2022-05-31 19:36:59,481] multiqc                                            [DEBUG  ]  No samples found: qualimap
[2022-05-31 19:36:59,485] multiqc                                            [DEBUG  ]  No samples found: quast
[2022-05-31 19:36:59,489] multiqc                                            [DEBUG  ]  No samples found: rna_seqc
[2022-05-31 19:36:59,492] multiqc                                            [DEBUG  ]  No samples found: rockhopper
[2022-05-31 19:36:59,495] multiqc                                            [DEBUG  ]  No samples found: rsem
[2022-05-31 19:36:59,505] multiqc                                            [DEBUG  ]  No samples found: rseqc
[2022-05-31 19:36:59,508] multiqc                                            [DEBUG  ]  No samples found: salmon
[2022-05-31 19:36:59,512] multiqc                                            [DEBUG  ]  No samples found: samblaster
[2022-05-31 19:36:59,518] multiqc                                            [DEBUG  ]  No samples found: samtools
[2022-05-31 19:36:59,522] multiqc                                            [DEBUG  ]  No samples found: sargasso
[2022-05-31 19:36:59,527] multiqc                                            [DEBUG  ]  No samples found: sentieon
[2022-05-31 19:36:59,530] multiqc                                            [DEBUG  ]  No samples found: seqyclean
[2022-05-31 19:36:59,533] multiqc                                            [DEBUG  ]  No samples found: sexdeterrmine
[2022-05-31 19:36:59,536] multiqc                                            [DEBUG  ]  No samples found: sickle
[2022-05-31 19:36:59,540] multiqc                                            [DEBUG  ]  No samples found: skewer
[2022-05-31 19:36:59,545] multiqc                                            [DEBUG  ]  No samples found: slamdunk
[2022-05-31 19:36:59,549] multiqc                                            [DEBUG  ]  No samples found: snpeff
[2022-05-31 19:36:59,553] multiqc                                            [DEBUG  ]  No samples found: snpsplit
[2022-05-31 19:36:59,557] multiqc                                            [DEBUG  ]  No samples found: somalier
[2022-05-31 19:36:59,560] multiqc                                            [DEBUG  ]  No samples found: sortmerna
[2022-05-31 19:36:59,564] multiqc                                            [DEBUG  ]  No samples found: stacks
[2022-05-31 19:36:59,569] multiqc                                            [DEBUG  ]  No samples found: star
[2022-05-31 19:36:59,573] multiqc                                            [DEBUG  ]  No samples found: supernova
[2022-05-31 19:36:59,576] multiqc                                            [DEBUG  ]  No samples found: theta2
[2022-05-31 19:36:59,579] multiqc                                            [DEBUG  ]  No samples found: tophat
[2022-05-31 19:36:59,582] multiqc                                            [DEBUG  ]  No samples found: trimmomatic
[2022-05-31 19:36:59,585] multiqc                                            [DEBUG  ]  No samples found: varscan2
[2022-05-31 19:36:59,590] multiqc                                            [DEBUG  ]  No samples found: vcftools
[2022-05-31 19:36:59,594] multiqc                                            [DEBUG  ]  No samples found: verifybamid
[2022-05-31 19:36:59,601] multiqc.modules.base_module                        [DEBUG  ]  fastqc/zip - Skipping 'X2rL41_post_raw_1_fastqc.zip' as it didn't match the path_filters for 'FastQC (filtered)'
[2022-05-31 19:36:59,601] multiqc.modules.base_module                        [DEBUG  ]  fastqc/zip - Skipping 'X2rL42_post_raw_1_fastqc.zip' as it didn't match the path_filters for 'FastQC (filtered)'
[2022-05-31 19:36:59,601] multiqc.modules.base_module                        [DEBUG  ]  fastqc/zip - Skipping 'X2rL42_pre_raw_1_fastqc.zip' as it didn't match the path_filters for 'FastQC (filtered)'
[2022-05-31 19:36:59,601] multiqc.modules.base_module                        [DEBUG  ]  fastqc/zip - Skipping 'X2rL41_pre_raw_1_fastqc.zip' as it didn't match the path_filters for 'FastQC (filtered)'
[2022-05-31 19:36:59,601] multiqc.modules.base_module                        [DEBUG  ]  fastqc/zip - Skipping 'X2rL42_post_merged_fastqc.zip' as it didn't match the path_filters for 'FastQC (filtered)'
[2022-05-31 19:36:59,601] multiqc.modules.base_module                        [DEBUG  ]  fastqc/zip - Skipping 'X2_neg_raw_2_fastqc.zip' as it didn't match the path_filters for 'FastQC (filtered)'
[2022-05-31 19:36:59,601] multiqc.modules.base_module                        [DEBUG  ]  fastqc/zip - Skipping 'X2rL41_post_merged_fastqc.zip' as it didn't match the path_filters for 'FastQC (filtered)'
[2022-05-31 19:36:59,601] multiqc.modules.base_module                        [DEBUG  ]  fastqc/zip - Skipping 'X2rL41_pre_merged_fastqc.zip' as it didn't match the path_filters for 'FastQC (filtered)'
[2022-05-31 19:36:59,601] multiqc.modules.base_module                        [DEBUG  ]  fastqc/zip - Skipping 'X2_lib_raw_1_fastqc.zip' as it didn't match the path_filters for 'FastQC (filtered)'
[2022-05-31 19:36:59,601] multiqc.modules.base_module                        [DEBUG  ]  fastqc/zip - Skipping 'X2_neg_raw_1_fastqc.zip' as it didn't match the path_filters for 'FastQC (filtered)'
[2022-05-31 19:36:59,601] multiqc.modules.base_module                        [DEBUG  ]  fastqc/zip - Skipping 'X2rL41_pre_raw_2_fastqc.zip' as it didn't match the path_filters for 'FastQC (filtered)'
[2022-05-31 19:36:59,601] multiqc.modules.base_module                        [DEBUG  ]  fastqc/zip - Skipping 'X2_lib_merged_fastqc.zip' as it didn't match the path_filters for 'FastQC (filtered)'
[2022-05-31 19:36:59,602] multiqc.modules.base_module                        [DEBUG  ]  fastqc/zip - Skipping 'X2rL41_post_raw_2_fastqc.zip' as it didn't match the path_filters for 'FastQC (filtered)'
[2022-05-31 19:36:59,602] multiqc.modules.base_module                        [DEBUG  ]  fastqc/zip - Skipping 'X2_neg_merged_fastqc.zip' as it didn't match the path_filters for 'FastQC (filtered)'
[2022-05-31 19:36:59,602] multiqc.modules.base_module                        [DEBUG  ]  fastqc/zip - Skipping 'X2_lib_raw_2_fastqc.zip' as it didn't match the path_filters for 'FastQC (filtered)'
[2022-05-31 19:36:59,602] multiqc.modules.base_module                        [DEBUG  ]  fastqc/zip - Skipping 'X2rL42_pre_merged_fastqc.zip' as it didn't match the path_filters for 'FastQC (filtered)'
[2022-05-31 19:36:59,602] multiqc.modules.base_module                        [DEBUG  ]  fastqc/zip - Skipping 'X2rL42_post_raw_2_fastqc.zip' as it didn't match the path_filters for 'FastQC (filtered)'
[2022-05-31 19:36:59,602] multiqc.modules.base_module                        [DEBUG  ]  fastqc/zip - Skipping 'X2rL42_pre_raw_2_fastqc.zip' as it didn't match the path_filters for 'FastQC (filtered)'
[2022-05-31 19:36:59,602] multiqc                                            [DEBUG  ]  No samples found: fastqc
[2022-05-31 19:36:59,604] multiqc.modules.base_module                        [DEBUG  ]  fastqc/zip - Skipping 'X2rL41_post_raw_1_fastqc.zip' as it didn't match the path_filters for 'FastQC (merged)'
[2022-05-31 19:36:59,604] multiqc.modules.base_module                        [DEBUG  ]  fastqc/zip - Skipping 'X2rL42_post_raw_1_fastqc.zip' as it didn't match the path_filters for 'FastQC (merged)'
[2022-05-31 19:36:59,604] multiqc.modules.base_module                        [DEBUG  ]  fastqc/zip - Skipping 'X2rL42_pre_raw_1_fastqc.zip' as it didn't match the path_filters for 'FastQC (merged)'
[2022-05-31 19:36:59,604] multiqc.modules.base_module                        [DEBUG  ]  fastqc/zip - Skipping 'X2rL41_pre_raw_1_fastqc.zip' as it didn't match the path_filters for 'FastQC (merged)'
[2022-05-31 19:36:59,604] multiqc.modules.base_module                        [DEBUG  ]  fastqc/zip - Selecting 'X2rL42_post_merged_fastqc.zip' as it matched the path_filters for 'FastQC (merged)'
[2022-05-31 19:36:59,606] multiqc.modules.base_module                        [DEBUG  ]  fastqc/zip - Skipping 'X2_neg_raw_2_fastqc.zip' as it didn't match the path_filters for 'FastQC (merged)'
[2022-05-31 19:36:59,606] multiqc.modules.base_module                        [DEBUG  ]  fastqc/zip - Selecting 'X2rL41_post_merged_fastqc.zip' as it matched the path_filters for 'FastQC (merged)'
[2022-05-31 19:36:59,613] multiqc.modules.base_module                        [DEBUG  ]  fastqc/zip - Selecting 'X2rL41_pre_merged_fastqc.zip' as it matched the path_filters for 'FastQC (merged)'
[2022-05-31 19:36:59,615] multiqc.modules.base_module                        [DEBUG  ]  fastqc/zip - Skipping 'X2_lib_raw_1_fastqc.zip' as it didn't match the path_filters for 'FastQC (merged)'
[2022-05-31 19:36:59,615] multiqc.modules.base_module                        [DEBUG  ]  fastqc/zip - Skipping 'X2_neg_raw_1_fastqc.zip' as it didn't match the path_filters for 'FastQC (merged)'
[2022-05-31 19:36:59,615] multiqc.modules.base_module                        [DEBUG  ]  fastqc/zip - Skipping 'X2rL41_pre_raw_2_fastqc.zip' as it didn't match the path_filters for 'FastQC (merged)'
[2022-05-31 19:36:59,615] multiqc.modules.base_module                        [DEBUG  ]  fastqc/zip - Selecting 'X2_lib_merged_fastqc.zip' as it matched the path_filters for 'FastQC (merged)'
[2022-05-31 19:36:59,621] multiqc.modules.base_module                        [DEBUG  ]  fastqc/zip - Skipping 'X2rL41_post_raw_2_fastqc.zip' as it didn't match the path_filters for 'FastQC (merged)'
[2022-05-31 19:36:59,621] multiqc.modules.base_module                        [DEBUG  ]  fastqc/zip - Selecting 'X2_neg_merged_fastqc.zip' as it matched the path_filters for 'FastQC (merged)'
[2022-05-31 19:36:59,623] multiqc.modules.base_module                        [DEBUG  ]  fastqc/zip - Skipping 'X2_lib_raw_2_fastqc.zip' as it didn't match the path_filters for 'FastQC (merged)'
[2022-05-31 19:36:59,623] multiqc.modules.base_module                        [DEBUG  ]  fastqc/zip - Selecting 'X2rL42_pre_merged_fastqc.zip' as it matched the path_filters for 'FastQC (merged)'
[2022-05-31 19:36:59,625] multiqc.modules.base_module                        [DEBUG  ]  fastqc/zip - Skipping 'X2rL42_post_raw_2_fastqc.zip' as it didn't match the path_filters for 'FastQC (merged)'
[2022-05-31 19:36:59,625] multiqc.modules.base_module                        [DEBUG  ]  fastqc/zip - Skipping 'X2rL42_pre_raw_2_fastqc.zip' as it didn't match the path_filters for 'FastQC (merged)'
[2022-05-31 19:36:59,625] multiqc.modules.fastqc.fastqc                      [INFO   ]  Found 6 reports
[2022-05-31 19:37:04,650] multiqc.modules.base_module                        [DEBUG  ]  fastqc/zip - Skipping 'X2rL41_post_raw_1_fastqc.zip' as it didn't match the path_filters for 'FastQC (trimmed)'
[2022-05-31 19:37:04,650] multiqc.modules.base_module                        [DEBUG  ]  fastqc/zip - Skipping 'X2rL42_post_raw_1_fastqc.zip' as it didn't match the path_filters for 'FastQC (trimmed)'
[2022-05-31 19:37:04,650] multiqc.modules.base_module                        [DEBUG  ]  fastqc/zip - Skipping 'X2rL42_pre_raw_1_fastqc.zip' as it didn't match the path_filters for 'FastQC (trimmed)'
[2022-05-31 19:37:04,650] multiqc.modules.base_module                        [DEBUG  ]  fastqc/zip - Skipping 'X2rL41_pre_raw_1_fastqc.zip' as it didn't match the path_filters for 'FastQC (trimmed)'
[2022-05-31 19:37:04,650] multiqc.modules.base_module                        [DEBUG  ]  fastqc/zip - Skipping 'X2rL42_post_merged_fastqc.zip' as it didn't match the path_filters for 'FastQC (trimmed)'
[2022-05-31 19:37:04,650] multiqc.modules.base_module                        [DEBUG  ]  fastqc/zip - Skipping 'X2_neg_raw_2_fastqc.zip' as it didn't match the path_filters for 'FastQC (trimmed)'
[2022-05-31 19:37:04,650] multiqc.modules.base_module                        [DEBUG  ]  fastqc/zip - Skipping 'X2rL41_post_merged_fastqc.zip' as it didn't match the path_filters for 'FastQC (trimmed)'
[2022-05-31 19:37:04,650] multiqc.modules.base_module                        [DEBUG  ]  fastqc/zip - Skipping 'X2rL41_pre_merged_fastqc.zip' as it didn't match the path_filters for 'FastQC (trimmed)'
[2022-05-31 19:37:04,650] multiqc.modules.base_module                        [DEBUG  ]  fastqc/zip - Skipping 'X2_lib_raw_1_fastqc.zip' as it didn't match the path_filters for 'FastQC (trimmed)'
[2022-05-31 19:37:04,650] multiqc.modules.base_module                        [DEBUG  ]  fastqc/zip - Skipping 'X2_neg_raw_1_fastqc.zip' as it didn't match the path_filters for 'FastQC (trimmed)'
[2022-05-31 19:37:04,650] multiqc.modules.base_module                        [DEBUG  ]  fastqc/zip - Skipping 'X2rL41_pre_raw_2_fastqc.zip' as it didn't match the path_filters for 'FastQC (trimmed)'
[2022-05-31 19:37:04,650] multiqc.modules.base_module                        [DEBUG  ]  fastqc/zip - Skipping 'X2_lib_merged_fastqc.zip' as it didn't match the path_filters for 'FastQC (trimmed)'
[2022-05-31 19:37:04,650] multiqc.modules.base_module                        [DEBUG  ]  fastqc/zip - Skipping 'X2rL41_post_raw_2_fastqc.zip' as it didn't match the path_filters for 'FastQC (trimmed)'
[2022-05-31 19:37:04,650] multiqc.modules.base_module                        [DEBUG  ]  fastqc/zip - Skipping 'X2_neg_merged_fastqc.zip' as it didn't match the path_filters for 'FastQC (trimmed)'
[2022-05-31 19:37:04,650] multiqc.modules.base_module                        [DEBUG  ]  fastqc/zip - Skipping 'X2_lib_raw_2_fastqc.zip' as it didn't match the path_filters for 'FastQC (trimmed)'
[2022-05-31 19:37:04,650] multiqc.modules.base_module                        [DEBUG  ]  fastqc/zip - Skipping 'X2rL42_pre_merged_fastqc.zip' as it didn't match the path_filters for 'FastQC (trimmed)'
[2022-05-31 19:37:04,650] multiqc.modules.base_module                        [DEBUG  ]  fastqc/zip - Skipping 'X2rL42_post_raw_2_fastqc.zip' as it didn't match the path_filters for 'FastQC (trimmed)'
[2022-05-31 19:37:04,650] multiqc.modules.base_module                        [DEBUG  ]  fastqc/zip - Skipping 'X2rL42_pre_raw_2_fastqc.zip' as it didn't match the path_filters for 'FastQC (trimmed)'
[2022-05-31 19:37:04,650] multiqc                                            [DEBUG  ]  No samples found: fastqc
[2022-05-31 19:37:04,653] multiqc.modules.base_module                        [DEBUG  ]  fastqc/zip - Selecting 'X2rL41_post_raw_1_fastqc.zip' as it matched the path_filters for 'FastQC (raw)'
[2022-05-31 19:37:04,658] multiqc.modules.base_module                        [DEBUG  ]  fastqc/zip - Selecting 'X2rL42_post_raw_1_fastqc.zip' as it matched the path_filters for 'FastQC (raw)'
[2022-05-31 19:37:04,664] multiqc.modules.base_module                        [DEBUG  ]  fastqc/zip - Selecting 'X2rL42_pre_raw_1_fastqc.zip' as it matched the path_filters for 'FastQC (raw)'
[2022-05-31 19:37:04,669] multiqc.modules.base_module                        [DEBUG  ]  fastqc/zip - Selecting 'X2rL41_pre_raw_1_fastqc.zip' as it matched the path_filters for 'FastQC (raw)'
[2022-05-31 19:37:04,674] multiqc.modules.base_module                        [DEBUG  ]  fastqc/zip - Skipping 'X2rL42_post_merged_fastqc.zip' as it didn't match the path_filters for 'FastQC (raw)'
[2022-05-31 19:37:04,674] multiqc.modules.base_module                        [DEBUG  ]  fastqc/zip - Selecting 'X2_neg_raw_2_fastqc.zip' as it matched the path_filters for 'FastQC (raw)'
[2022-05-31 19:37:04,676] multiqc.modules.base_module                        [DEBUG  ]  fastqc/zip - Skipping 'X2rL41_post_merged_fastqc.zip' as it didn't match the path_filters for 'FastQC (raw)'
[2022-05-31 19:37:04,676] multiqc.modules.base_module                        [DEBUG  ]  fastqc/zip - Skipping 'X2rL41_pre_merged_fastqc.zip' as it didn't match the path_filters for 'FastQC (raw)'
[2022-05-31 19:37:04,676] multiqc.modules.base_module                        [DEBUG  ]  fastqc/zip - Selecting 'X2_lib_raw_1_fastqc.zip' as it matched the path_filters for 'FastQC (raw)'
[2022-05-31 19:37:04,678] multiqc.modules.base_module                        [DEBUG  ]  fastqc/zip - Selecting 'X2_neg_raw_1_fastqc.zip' as it matched the path_filters for 'FastQC (raw)'
[2022-05-31 19:37:04,679] multiqc.modules.base_module                        [DEBUG  ]  fastqc/zip - Selecting 'X2rL41_pre_raw_2_fastqc.zip' as it matched the path_filters for 'FastQC (raw)'
[2022-05-31 19:37:04,685] multiqc.modules.base_module                        [DEBUG  ]  fastqc/zip - Skipping 'X2_lib_merged_fastqc.zip' as it didn't match the path_filters for 'FastQC (raw)'
[2022-05-31 19:37:04,685] multiqc.modules.base_module                        [DEBUG  ]  fastqc/zip - Selecting 'X2rL41_post_raw_2_fastqc.zip' as it matched the path_filters for 'FastQC (raw)'
[2022-05-31 19:37:04,689] multiqc.modules.base_module                        [DEBUG  ]  fastqc/zip - Skipping 'X2_neg_merged_fastqc.zip' as it didn't match the path_filters for 'FastQC (raw)'
[2022-05-31 19:37:04,689] multiqc.modules.base_module                        [DEBUG  ]  fastqc/zip - Selecting 'X2_lib_raw_2_fastqc.zip' as it matched the path_filters for 'FastQC (raw)'
[2022-05-31 19:37:04,694] multiqc.modules.base_module                        [DEBUG  ]  fastqc/zip - Skipping 'X2rL42_pre_merged_fastqc.zip' as it didn't match the path_filters for 'FastQC (raw)'
[2022-05-31 19:37:04,694] multiqc.modules.base_module                        [DEBUG  ]  fastqc/zip - Selecting 'X2rL42_post_raw_2_fastqc.zip' as it matched the path_filters for 'FastQC (raw)'
[2022-05-31 19:37:04,700] multiqc.modules.base_module                        [DEBUG  ]  fastqc/zip - Selecting 'X2rL42_pre_raw_2_fastqc.zip' as it matched the path_filters for 'FastQC (raw)'
[2022-05-31 19:37:04,706] multiqc.modules.fastqc.fastqc                      [INFO   ]  Found 12 reports
[2022-05-31 19:37:09,952] multiqc                                            [DEBUG  ]  No samples found: cutadapt
[2022-05-31 19:37:09,952] multiqc                                            [DEBUG  ]  Reordering sections: anchor 'software_versions' not found.
[2022-05-31 19:37:09,952] multiqc                                            [DEBUG  ]  Reordering sections: anchor 'software_versions' not found for module 'FastQC (merged)'.
[2022-05-31 19:37:09,952] multiqc                                            [DEBUG  ]  Reordering sections: anchor 'QUANTS-summary' not found for module 'FastQC (merged)'.
[2022-05-31 19:37:09,952] multiqc                                            [DEBUG  ]  Reordering sections: anchor 'software_versions' not found for module 'FastQC (raw)'.
[2022-05-31 19:37:09,952] multiqc                                            [DEBUG  ]  Reordering sections: anchor 'QUANTS-summary' not found for module 'FastQC (raw)'.
[2022-05-31 19:37:09,952] multiqc                                            [DEBUG  ]  Reordering sections: anchor 'software_versions' not found for module 'QUANTS Workflow Summary'.
[2022-05-31 19:37:09,952] multiqc                                            [DEBUG  ]  Reordering sections: anchor 'QUANTS-summary' not found for module 'QUANTS Workflow Summary'.
[2022-05-31 19:37:09,952] multiqc                                            [INFO   ]  Compressing plot data
[2022-05-31 19:37:10,113] multiqc                                            [INFO   ]  Report      : multiqc_report.html
[2022-05-31 19:37:10,113] multiqc                                            [INFO   ]  Data        : multiqc_data
[2022-05-31 19:37:10,113] multiqc                                            [DEBUG  ]  Moving data file from '/tmp/tmpd86bb9l8/multiqc_data' to '/lustre/scratch124/casm/team113/users/vo1/QUANTS_BRCA1_example/work/f2/0eadb82764f8cada640677e5fd5b64/multiqc_data'
[2022-05-31 19:37:10,145] multiqc                                            [INFO   ]  Plots       : multiqc_plots
[2022-05-31 19:37:10,145] multiqc                                            [DEBUG  ]  Moving plots directory from '/tmp/tmpd86bb9l8/multiqc_plots' to '/lustre/scratch124/casm/team113/users/vo1/QUANTS_BRCA1_example/work/f2/0eadb82764f8cada640677e5fd5b64/multiqc_plots'
[2022-05-31 19:37:10,295] multiqc                                            [INFO   ]  MultiQC complete
